[2022-07-10 20:24:27] [ INFO ] [PatientController:36] This are the patients in our base: 
[2022-07-10 20:40:43] [ INFO ] [PatientController:36] This are the patients in our base: 
[2022-07-10 20:40:47] [ INFO ] [PatientController:36] This are the patients in our base: 
[2022-07-10 21:09:23] [ INFO ] [PatientController:42] The patient com.proyectos.ClinicaOdontologica.entities.Patient@49042975 was created.
[2022-07-10 21:10:26] [ INFO ] [PatientController:36] This are the patients in our base: 
[2022-07-10 21:10:41] [ INFO ] [PatientController:42] The patient com.proyectos.ClinicaOdontologica.entities.Patient@31e4cf7b was created.
[2022-07-10 21:11:29] [ INFO ] [PatientController:42] The patient com.proyectos.ClinicaOdontologica.entities.Patient@208684fa was created.
[2022-07-10 21:13:56] [ INFO ] [PatientController:36] This are the patients in our base: 
[2022-07-10 21:14:04] [ INFO ] [PatientController:42] The patient was created.
[2022-07-10 21:14:11] [ INFO ] [PatientController:42] The patient was created.
[2022-07-10 21:15:25] [ INFO ] [PatientController:36] This are the patients in our base: 
[2022-07-10 21:16:13] [ INFO ] [PatientController:36] This are the patients in our base: 
[2022-07-10 21:20:54] [ INFO ] [PatientController:36] This are the patients in our base: 
[2022-07-10 21:22:29] [ INFO ] [PatientController:36] This are the patients in our base: 
[2022-07-10 21:26:27] [ INFO ] [PatientController:36] This are the patients in our base: 
[2022-07-10 21:32:35] [ INFO ] [PatientController:36] This are the patients in our base: 
[2022-07-10 21:33:35] [ INFO ] [PatientController:36] This are the patients in our base: 
[2022-07-10 21:43:21] [ INFO ] [PatientController:42] The patient Alejo was created.
[2022-07-10 21:43:36] [ INFO ] [PatientController:36] This are the patients in our base: 
[2022-07-10 21:47:25] [ INFO ] [PatientController:42] The patient Alejandro was created.
[2022-07-10 21:47:46] [ INFO ] [PatientController:36] This are the patients in our base: 
[2022-07-10 21:48:36] [ INFO ] [PatientController:42] The patient Alejandro was created.
[2022-07-10 21:52:34] [ INFO ] [PatientController:42] The patient Alejandro was created.
[2022-07-10 21:52:53] [ INFO ] [PatientController:36] This are the patients in our base: 
[2022-07-10 21:53:18] [ INFO ] [PatientController:36] This are the patients in our base: 
[2022-07-10 21:53:21] [ INFO ] [PatientController:42] The patient Alejandro was created.
[2022-07-10 21:53:31] [ INFO ] [PatientController:42] The patient Alejandro was created.
[2022-07-10 21:53:50] [ INFO ] [PatientController:36] This are the patients in our base: 
[2022-07-10 21:54:15] [ INFO ] [PatientController:36] This are the patients in our base: 
[2022-07-10 21:54:44] [ INFO ] [PatientController:64] The patient with id 4 was eliminated.
[2022-07-10 21:54:51] [ INFO ] [PatientController:64] The patient with id 5 was eliminated.
[2022-07-10 21:55:30] [ INFO ] [PatientController:42] The patient Alejandro was created.
[2022-07-10 21:56:51] [ INFO ] [PatientController:64] The patient with id 3 was eliminated.
[2022-07-10 21:57:56] [ INFO ] [PatientController:36] This are the patients in our base: 
[2022-07-10 21:58:11] [ INFO ] [PatientController:48] The patient com.proyectos.ClinicaOdontologica.entities.Patient@1454c4fd was updated.
[2022-07-10 21:58:37] [ INFO ] [PatientController:48] The patient com.proyectos.ClinicaOdontologica.entities.Patient@1228e0d1 was updated.
[2022-07-10 21:59:15] [ INFO ] [PatientController:48] The patient com.proyectos.ClinicaOdontologica.entities.Patient@3d0483a1 was updated.
[2022-07-10 21:59:30] [ INFO ] [PatientController:48] The patient com.proyectos.ClinicaOdontologica.entities.Patient@2cbe1d2e was updated.
[2022-07-10 22:06:40] [ INFO ] [PatientController:36] This are the patients in our base: 
[2022-07-10 22:07:34] [ INFO ] [PatientController:42] The patient Alejandro was created.
[2022-07-10 22:07:41] [ INFO ] [PatientController:36] This are the patients in our base: 
[2022-07-10 22:10:31] [ INFO ] [PatientController:42] The patient Alejandro was created.
[2022-07-10 22:11:46] [ ERROR] [PatientController:57] The patient with id: 5 is not found.
[2022-07-10 22:13:59] [ INFO ] [PatientController:48] The patient Alejandro was updated.
[2022-07-10 22:16:51] [ INFO ] [PatientController:36] This is the list of patients in our base
[2022-07-10 22:18:27] [ INFO ] [PatientController:42] The patient Alejandro was created.
[2022-07-10 22:18:40] [ INFO ] [PatientController:36] This is the list of patients in our base
[2022-07-10 22:19:19] [ INFO ] [PatientController:36] This is the list of patients in our base
[2022-07-10 22:19:25] [ INFO ] [PatientController:42] The patient Alejandro was created.
[2022-07-10 22:19:27] [ INFO ] [PatientController:36] This is the list of patients in our base
[2022-07-10 22:19:43] [ INFO ] [PatientController:42] The patient Alejandro was created.
[2022-07-10 22:19:47] [ INFO ] [PatientController:36] This is the list of patients in our base
[2022-07-10 22:20:09] [ INFO ] [PatientController:42] The patient Alejandro was created.
[2022-07-10 22:20:13] [ INFO ] [PatientController:36] This is the list of patients in our base
[2022-07-10 22:20:22] [ INFO ] [PatientController:42] The patient Alejandro was created.
[2022-07-10 22:20:25] [ INFO ] [PatientController:36] This is the list of patients in our base
[2022-07-10 22:21:29] [ INFO ] [PatientController:42] The patient Alejandro was created.
[2022-07-10 22:21:33] [ INFO ] [PatientController:36] This is the list of patients in our base
[2022-07-10 22:21:49] [ INFO ] [PatientController:42] The patient Alejandro was created.
[2022-07-10 22:21:53] [ INFO ] [PatientController:36] This is the list of patients in our base
[2022-07-10 22:22:40] [ INFO ] [PatientController:36] This is the list of patients in our base
[2022-07-10 22:22:49] [ INFO ] [PatientController:42] The patient Alejandro was created.
[2022-07-10 22:22:52] [ INFO ] [PatientController:36] This is the list of patients in our base
[2022-07-10 22:23:09] [ INFO ] [PatientController:42] The patient Alejandro was created.
[2022-07-10 22:23:12] [ INFO ] [PatientController:36] This is the list of patients in our base
[2022-07-10 22:23:16] [ INFO ] [PatientController:42] The patient Alejandro was created.
[2022-07-10 22:23:16] [ INFO ] [PatientController:42] The patient Alejandro was created.
[2022-07-10 22:23:19] [ INFO ] [PatientController:36] This is the list of patients in our base
